7/5/2016 3:42:04 p. m.	This log contains information about the import schema operation into project 'Database1' on computer 'DESKTOP-2BQ04QL' by user 'juamp'.
7/5/2016 3:42:04 p. m.	Import of database schema has started.
7/5/2016 3:42:12 p. m.	Gathering database options
7/5/2016 3:42:12 p. m.	Gathering users
7/5/2016 3:42:12 p. m.	Gathering roles
7/5/2016 3:42:12 p. m.	Gathering application roles
7/5/2016 3:42:12 p. m.	Gathering role memberships
7/5/2016 3:42:12 p. m.	Gathering filegroups
7/5/2016 3:42:12 p. m.	Gathering full-text catalogs
7/5/2016 3:42:12 p. m.	Gathering assemblies
7/5/2016 3:42:12 p. m.	Gathering certificates
7/5/2016 3:42:12 p. m.	Gathering asymmetric keys
7/5/2016 3:42:12 p. m.	Gathering symmetric keys
7/5/2016 3:42:12 p. m.	Gathering encrypted symmetric keys
7/5/2016 3:42:12 p. m.	Gathering schemas
7/5/2016 3:42:12 p. m.	Gathering XML schema collections
7/5/2016 3:42:12 p. m.	Gathering user-defined data types
7/5/2016 3:42:12 p. m.	Gathering user-defined types
7/5/2016 3:42:12 p. m.	Gathering table types
7/5/2016 3:42:12 p. m.	Gathering unique keys for table types
7/5/2016 3:42:12 p. m.	Gathering primary keys for table types
7/5/2016 3:42:12 p. m.	Gathering indexes for table types
7/5/2016 3:42:12 p. m.	Gathering check constraints for table types
7/5/2016 3:42:12 p. m.	Gathering default constraints for table types
7/5/2016 3:42:12 p. m.	Gathering partition functions
7/5/2016 3:42:12 p. m.	Gathering partition schemes
7/5/2016 3:42:12 p. m.	Gathering functions
7/5/2016 3:42:12 p. m.	Gathering encrypted functions
7/5/2016 3:42:12 p. m.	Gathering aggregates
7/5/2016 3:42:12 p. m.	Gathering procedures
7/5/2016 3:42:12 p. m.	Gathering encrypted procedures
7/5/2016 3:42:12 p. m.	Gathering tables
7/5/2016 3:42:13 p. m.	Gathering primary keys
7/5/2016 3:42:13 p. m.	Gathering unique constraints
7/5/2016 3:42:13 p. m.	Gathering foreign keys
7/5/2016 3:42:13 p. m.	Gathering default constraints
7/5/2016 3:42:13 p. m.	Gathering check constraints
7/5/2016 3:42:13 p. m.	Gathering views
7/5/2016 3:42:13 p. m.	Gathering encrypted views
7/5/2016 3:42:13 p. m.	Gathering indexes
7/5/2016 3:42:13 p. m.	Gathering statistics
7/5/2016 3:42:13 p. m.	Gathering full-text index stoplists
7/5/2016 3:42:13 p. m.	Gathering search property lists
7/5/2016 3:42:13 p. m.	Gathering search properties
7/5/2016 3:42:13 p. m.	Gathering full-text indexes
7/5/2016 3:42:13 p. m.	Gathering column store indexes
7/5/2016 3:42:13 p. m.	Gathering spatial indexes
7/5/2016 3:42:13 p. m.	Gathering XML indexes
7/5/2016 3:42:13 p. m.	Gathering Selective XML indexes
7/5/2016 3:42:13 p. m.	Gathering encrypted triggers
7/5/2016 3:42:13 p. m.	Gathering triggers
7/5/2016 3:42:13 p. m.	Gathering encrypted and clr ddl triggers
7/5/2016 3:42:13 p. m.	Gathering ddl triggers
7/5/2016 3:42:13 p. m.	Gathering synonyms
7/5/2016 3:42:13 p. m.	Gathering defaults
7/5/2016 3:42:13 p. m.	Gathering data constraint uddt bindings
7/5/2016 3:42:13 p. m.	Gathering rules
7/5/2016 3:42:13 p. m.	Gathering data constraint uddt bindings
7/5/2016 3:42:13 p. m.	Gathering message types
7/5/2016 3:42:13 p. m.	Gathering queues
7/5/2016 3:42:13 p. m.	Gathering contracts
7/5/2016 3:42:13 p. m.	Gathering services
7/5/2016 3:42:13 p. m.	Gathering event notifications
7/5/2016 3:42:13 p. m.	Gathering remote service bindings
7/5/2016 3:42:13 p. m.	Gathering broker priorities
7/5/2016 3:42:13 p. m.	Gathering signatures
7/5/2016 3:42:13 p. m.	Gathering data compression options
7/5/2016 3:42:13 p. m.	Gathering sequence types
7/5/2016 3:42:13 p. m.	Gathering extended properties
7/5/2016 3:42:13 p. m.	Gathering credentials
7/5/2016 3:42:13 p. m.	Gathering logins
7/5/2016 3:42:13 p. m.	Gathering server audits
7/5/2016 3:42:13 p. m.	Scanning project for duplicate elements
7/5/2016 3:42:13 p. m.	Finished duplicate element processing
7/5/2016 3:42:13 p. m.	Finished importing database.
7/5/2016 3:42:13 p. m.	A summary of the import was saved to the following location: D:\Desarrollo-Programación\SI DC Integral\Database1\Database1\Import Schema Logs\Database1_20160507064204.log
7/5/2016 3:42:13 p. m.	Click Finish to continue...
